<!DOCTYPE html PUBLIC "-//W3C//DTD XHTML 1.1//EN" "http://www.w3.org/TR/xhtml11/DTD/xhtml11.dtd">
<html xmlns="http://www.w3.org/1999/xhtml">
<head>
<meta http-equiv="content-type" content="text/html; charset=UTF-8"/>
<title>TestNG Report</title>
<style type="text/css">table {margin-bottom:10px;border-collapse:collapse;empty-cells:show}th,td {border:1px solid #009;padding:.25em .5em}th {vertical-align:bottom}td {vertical-align:top}table a {font-weight:bold}.stripe td {background-color: #E6EBF9}.num {text-align:right}.passedodd td {background-color: #3F3}.passedeven td {background-color: #0A0}.skippedodd td {background-color: #DDD}.skippedeven td {background-color: #CCC}.failedodd td,.attn {background-color: #F33}.failedeven td,.stripe .attn {background-color: #D00}.stacktrace {white-space:pre;font-family:monospace}.totop {font-size:85%;text-align:center;border-bottom:2px solid #000}.invisible {display:none}</style>
</head>
<body>
<table>
<tr><th>Test</th><th># Passed</th><th># Skipped</th><th># Failed</th><th>Time (ms)</th><th>Included Groups</th><th>Excluded Groups</th></tr>
<tr><th colspan="7">AutomationPracticeSuite</th></tr>
<tr><td><a href="#t0">Automation Practice Project Test Cases</a></td><td class="num">5</td><td class="num">0</td><td class="num attn">2</td><td class="num">113,074</td><td></td><td></td></tr>
</table>
<table id='summary'><thead><tr><th>Class</th><th>Method</th><th>Start</th><th>Time (ms)</th></tr></thead><tbody><tr><th colspan="4">AutomationPracticeSuite</th></tr></tbody><tbody id="t0"><tr><th colspan="4">Automation Practice Project Test Cases &#8212; failed</th></tr><tr class="failedeven"><td rowspan="1">com.automationpractice.testcases.LoginPageTest</td><td><a href="#m0">loginPageTitleTest</a></td><td rowspan="1">1556074916735</td><td rowspan="1">18</td></tr><tr class="failedodd"><td rowspan="1">com.automationpractice.testcases.MainPageTest</td><td><a href="#m1">verifyPageTitleTest</a></td><td rowspan="1">1556074902758</td><td rowspan="1">20</td></tr><tr><th colspan="4">Automation Practice Project Test Cases &#8212; passed</th></tr><tr class="passedeven"><td rowspan="1">com.automationpractice.testcases.CreateNewAccountPageTest</td><td><a href="#m2">newUserSignupTest</a></td><td rowspan="1">1556074962458</td><td rowspan="1">18690</td></tr><tr class="passedodd"><td rowspan="1">com.automationpractice.testcases.HomeAccountPageTest</td><td><a href="#m3">HomeAccountTitleTest</a></td><td rowspan="1">1556074945999</td><td rowspan="1">11</td></tr><tr class="passedeven"><td rowspan="1">com.automationpractice.testcases.LoginPageTest</td><td><a href="#m4">loginTest</a></td><td rowspan="1">1556074929935</td><td rowspan="1">2268</td></tr><tr class="passedodd"><td rowspan="2">com.automationpractice.testcases.MainPageTest</td><td><a href="#m5">verifyLoginClickTest</a></td><td rowspan="1">1556074881399</td><td rowspan="1">5797</td></tr><tr class="passedodd"><td><a href="#m6">verifyLogoImageTest</a></td><td rowspan="1">1556074894921</td><td rowspan="1">60</td></tr></tbody>
</table>
<h2>Automation Practice Project Test Cases</h2><h3 id="m0">com.automationpractice.testcases.LoginPageTest#loginPageTitleTest</h3><table class="result"><tr><th>Exception</th></tr><tr><td><div class="stacktrace">java.lang.AssertionError: Login Page title is not matched expected [Login - My Stores] but found [Login - My Store]
	at com.automationpractice.testcases.LoginPageTest.loginPageTitleTest(LoginPageTest.java:50)
... Removed 30 stack frames</div></td></tr></table><p class="totop"><a href="#summary">back to summary</a></p>
<h3 id="m1">com.automationpractice.testcases.MainPageTest#verifyPageTitleTest</h3><table class="result"><tr><th>Exception</th></tr><tr><td><div class="stacktrace">java.lang.AssertionError: expected [My Stores] but found [My Store]
	at com.automationpractice.testcases.MainPageTest.verifyPageTitleTest(MainPageTest.java:55)
... Removed 31 stack frames</div></td></tr></table><p class="totop"><a href="#summary">back to summary</a></p>
<h3 id="m2">com.automationpractice.testcases.CreateNewAccountPageTest#newUserSignupTest</h3><table class="result"><tr class="param"><th>Parameter #1</th><th>Parameter #2</th><th>Parameter #3</th><th>Parameter #4</th><th>Parameter #5</th><th>Parameter #6</th><th>Parameter #7</th><th>Parameter #8</th><th>Parameter #9</th><th>Parameter #10</th><th>Parameter #11</th><th>Parameter #12</th><th>Parameter #13</th><th>Parameter #14</th><th>Parameter #15</th><th>Parameter #16</th><th>Parameter #17</th><th>Parameter #18</th></tr><tr class="param stripe"><td>Mr.</td><td>TestAutomation</td><td>OneTest</td><td>testautomationone@test.com</td><td>123456.0</td><td>5.0</td><td>August</td><td>1980.0</td><td>QA Assistance</td><td>1405 Witmer Rd</td><td>Unit 1000</td><td>Niagara Falls</td><td>New York</td><td>14305.0</td><td>United States</td><td>7.162982244E9</td><td>7.163472244E9</td><td>My Home Address</td></tr></table><p class="totop"><a href="#summary">back to summary</a></p>
<h3 id="m3">com.automationpractice.testcases.HomeAccountPageTest#HomeAccountTitleTest</h3><table class="result"><tr><th class="invisible"/></tr></table><p class="totop"><a href="#summary">back to summary</a></p>
<h3 id="m4">com.automationpractice.testcases.LoginPageTest#loginTest</h3><table class="result"><tr><th class="invisible"/></tr></table><p class="totop"><a href="#summary">back to summary</a></p>
<h3 id="m5">com.automationpractice.testcases.MainPageTest#verifyLoginClickTest</h3><table class="result"><tr><th class="invisible"/></tr></table><p class="totop"><a href="#summary">back to summary</a></p>
<h3 id="m6">com.automationpractice.testcases.MainPageTest#verifyLogoImageTest</h3><table class="result"><tr><th class="invisible"/></tr></table><p class="totop"><a href="#summary">back to summary</a></p>
</body>
</html>
