<?xml version="1.0" encoding="UTF-8"?>
<testng-results skipped="0" failed="2" ignored="0" total="7" passed="5">
  <reporter-output>
  </reporter-output>
  <suite name="AutomationPracticeSuite" duration-ms="171037" started-at="2019-04-25T18:33:56Z" finished-at="2019-04-25T18:36:47Z">
    <groups>
    </groups>
    <test name="Automation Practice Project Test Cases" duration-ms="171037" started-at="2019-04-25T18:33:56Z" finished-at="2019-04-25T18:36:47Z">
      <class name="com.automationpractice.testcases.HomeAccountPageTest">
        <test-method status="PASS" signature="setExtent()[pri:0, instance:com.automationpractice.testcases.HomeAccountPageTest@3754a4bf]" name="setExtent" is-config="true" duration-ms="1" started-at="2019-04-25T18:35:48Z" finished-at="2019-04-25T18:35:48Z">
          <reporter-output>
          </reporter-output>
        </test-method> <!-- setExtent -->
        <test-method status="PASS" signature="setUp()[pri:0, instance:com.automationpractice.testcases.HomeAccountPageTest@3754a4bf]" name="setUp" is-config="true" duration-ms="17211" started-at="2019-04-25T18:35:48Z" finished-at="2019-04-25T18:36:05Z">
          <reporter-output>
          </reporter-output>
        </test-method> <!-- setUp -->
        <test-method status="PASS" signature="HomeAccountTitleTest()[pri:0, instance:com.automationpractice.testcases.HomeAccountPageTest@3754a4bf]" name="HomeAccountTitleTest" duration-ms="11" started-at="2019-04-25T18:36:05Z" finished-at="2019-04-25T18:36:05Z">
          <reporter-output>
          </reporter-output>
        </test-method> <!-- HomeAccountTitleTest -->
        <test-method status="PASS" signature="tearDown(org.testng.ITestResult)[pri:0, instance:com.automationpractice.testcases.HomeAccountPageTest@3754a4bf]" name="tearDown" is-config="true" duration-ms="2291" started-at="2019-04-25T18:36:05Z" finished-at="2019-04-25T18:36:07Z">
          <params>
            <param index="0">
              <value>
                <![CDATA[[TestResult name=HomeAccountTitleTest status=SUCCESS method=HomeAccountPageTest.HomeAccountTitleTest()[pri:0, instance:com.automationpractice.testcases.HomeAccountPageTest@3754a4bf] output={null}]]]>
              </value>
            </param>
          </params>
          <reporter-output>
          </reporter-output>
        </test-method> <!-- tearDown -->
      </class> <!-- com.automationpractice.testcases.HomeAccountPageTest -->
      <class name="com.automationpractice.testcases.CreateNewAccountPageTest">
        <test-method status="PASS" signature="setExtent()[pri:0, instance:com.automationpractice.testcases.CreateNewAccountPageTest@62379589]" name="setExtent" is-config="true" duration-ms="0" started-at="2019-04-25T18:36:07Z" finished-at="2019-04-25T18:36:07Z">
          <reporter-output>
          </reporter-output>
        </test-method> <!-- setExtent -->
        <test-method status="PASS" signature="setUp()[pri:0, instance:com.automationpractice.testcases.CreateNewAccountPageTest@62379589]" name="setUp" is-config="true" duration-ms="18004" started-at="2019-04-25T18:36:09Z" finished-at="2019-04-25T18:36:27Z">
          <reporter-output>
          </reporter-output>
        </test-method> <!-- setUp -->
        <test-method status="PASS" signature="newUserSignupTest(java.lang.String, java.lang.String, java.lang.String, java.lang.String, java.lang.String, java.lang.String, java.lang.String, java.lang.String, java.lang.String, java.lang.String, java.lang.String, java.lang.String, java.lang.String, java.lang.String, java.lang.String, java.lang.String, java.lang.String, java.lang.String)[pri:0, instance:com.automationpractice.testcases.CreateNewAccountPageTest@62379589]" name="newUserSignupTest" duration-ms="18941" started-at="2019-04-25T18:36:27Z" data-provider="getNewSignInDetails" finished-at="2019-04-25T18:36:46Z">
          <params>
            <param index="0">
              <value>
                <![CDATA[Mr.]]>
              </value>
            </param>
            <param index="1">
              <value>
                <![CDATA[TestAutomation]]>
              </value>
            </param>
            <param index="2">
              <value>
                <![CDATA[OneTest]]>
              </value>
            </param>
            <param index="3">
              <value>
                <![CDATA[testautomationone@test.com]]>
              </value>
            </param>
            <param index="4">
              <value>
                <![CDATA[123456.0]]>
              </value>
            </param>
            <param index="5">
              <value>
                <![CDATA[5.0]]>
              </value>
            </param>
            <param index="6">
              <value>
                <![CDATA[August]]>
              </value>
            </param>
            <param index="7">
              <value>
                <![CDATA[1980.0]]>
              </value>
            </param>
            <param index="8">
              <value>
                <![CDATA[QA Assistance]]>
              </value>
            </param>
            <param index="9">
              <value>
                <![CDATA[1405 Witmer Rd]]>
              </value>
            </param>
            <param index="10">
              <value>
                <![CDATA[Unit 1000]]>
              </value>
            </param>
            <param index="11">
              <value>
                <![CDATA[Niagara Falls]]>
              </value>
            </param>
            <param index="12">
              <value>
                <![CDATA[New York]]>
              </value>
            </param>
            <param index="13">
              <value>
                <![CDATA[14305.0]]>
              </value>
            </param>
            <param index="14">
              <value>
                <![CDATA[United States]]>
              </value>
            </param>
            <param index="15">
              <value>
                <![CDATA[7.162982244E9]]>
              </value>
            </param>
            <param index="16">
              <value>
                <![CDATA[7.163472244E9]]>
              </value>
            </param>
            <param index="17">
              <value>
                <![CDATA[My Home Address]]>
              </value>
            </param>
          </params>
          <reporter-output>
          </reporter-output>
        </test-method> <!-- newUserSignupTest -->
        <test-method status="PASS" signature="tearDown(org.testng.ITestResult)[pri:0, instance:com.automationpractice.testcases.CreateNewAccountPageTest@62379589]" name="tearDown" is-config="true" duration-ms="925" started-at="2019-04-25T18:36:46Z" finished-at="2019-04-25T18:36:47Z">
          <params>
            <param index="0">
              <value>
                <![CDATA[[TestResult name=newUserSignupTest status=SUCCESS method=CreateNewAccountPageTest.newUserSignupTest(java.lang.String, java.lang.String, java.lang.String, java.lang.String, java.lang.String, java.lang.String, java.lang.String, java.lang.String, java.lang.String, java.lang.String, java.lang.String, java.lang.String, java.lang.String, java.lang.String, java.lang.String, java.lang.String, java.lang.String, java.lang.String)[pri:0, instance:com.automationpractice.testcases.CreateNewAccountPageTest@62379589] output={null}]]]>
              </value>
            </param>
          </params>
          <reporter-output>
          </reporter-output>
        </test-method> <!-- tearDown -->
      </class> <!-- com.automationpractice.testcases.CreateNewAccountPageTest -->
      <class name="com.automationpractice.testcases.MainPageTest">
        <test-method status="PASS" signature="setExtent()[pri:0, instance:com.automationpractice.testcases.MainPageTest@28701274]" name="setExtent" is-config="true" duration-ms="285" started-at="2019-04-25T18:33:56Z" finished-at="2019-04-25T18:33:56Z">
          <reporter-output>
          </reporter-output>
        </test-method> <!-- setExtent -->
        <test-method status="PASS" signature="setUp()[pri:0, instance:com.automationpractice.testcases.MainPageTest@28701274]" name="setUp" is-config="true" duration-ms="36337" started-at="2019-04-25T18:33:56Z" finished-at="2019-04-25T18:34:33Z">
          <reporter-output>
          </reporter-output>
        </test-method> <!-- setUp -->
        <test-method status="PASS" signature="verifyLoginClickTest()[pri:0, instance:com.automationpractice.testcases.MainPageTest@28701274]" name="verifyLoginClickTest" duration-ms="6996" started-at="2019-04-25T18:34:33Z" finished-at="2019-04-25T18:34:40Z">
          <reporter-output>
          </reporter-output>
        </test-method> <!-- verifyLoginClickTest -->
        <test-method status="PASS" signature="tearDown(org.testng.ITestResult)[pri:0, instance:com.automationpractice.testcases.MainPageTest@28701274]" name="tearDown" is-config="true" duration-ms="1768" started-at="2019-04-25T18:34:40Z" finished-at="2019-04-25T18:34:41Z">
          <params>
            <param index="0">
              <value>
                <![CDATA[[TestResult name=verifyLoginClickTest status=SUCCESS method=MainPageTest.verifyLoginClickTest()[pri:0, instance:com.automationpractice.testcases.MainPageTest@28701274] output={null}]]]>
              </value>
            </param>
          </params>
          <reporter-output>
          </reporter-output>
        </test-method> <!-- tearDown -->
        <test-method status="PASS" signature="setUp()[pri:0, instance:com.automationpractice.testcases.MainPageTest@28701274]" name="setUp" is-config="true" duration-ms="12120" started-at="2019-04-25T18:34:41Z" finished-at="2019-04-25T18:34:54Z">
          <reporter-output>
          </reporter-output>
        </test-method> <!-- setUp -->
        <test-method status="PASS" signature="verifyLogoImageTest()[pri:0, instance:com.automationpractice.testcases.MainPageTest@28701274]" name="verifyLogoImageTest" duration-ms="59" started-at="2019-04-25T18:34:54Z" finished-at="2019-04-25T18:34:54Z">
          <reporter-output>
          </reporter-output>
        </test-method> <!-- verifyLogoImageTest -->
        <test-method status="PASS" signature="tearDown(org.testng.ITestResult)[pri:0, instance:com.automationpractice.testcases.MainPageTest@28701274]" name="tearDown" is-config="true" duration-ms="2277" started-at="2019-04-25T18:34:54Z" finished-at="2019-04-25T18:34:56Z">
          <params>
            <param index="0">
              <value>
                <![CDATA[[TestResult name=verifyLogoImageTest status=SUCCESS method=MainPageTest.verifyLogoImageTest()[pri:0, instance:com.automationpractice.testcases.MainPageTest@28701274] output={null}]]]>
              </value>
            </param>
          </params>
          <reporter-output>
          </reporter-output>
        </test-method> <!-- tearDown -->
        <test-method status="PASS" signature="setUp()[pri:0, instance:com.automationpractice.testcases.MainPageTest@28701274]" name="setUp" is-config="true" duration-ms="10205" started-at="2019-04-25T18:34:56Z" finished-at="2019-04-25T18:35:06Z">
          <reporter-output>
          </reporter-output>
        </test-method> <!-- setUp -->
        <test-method status="FAIL" signature="verifyPageTitleTest()[pri:0, instance:com.automationpractice.testcases.MainPageTest@28701274]" name="verifyPageTitleTest" duration-ms="9" started-at="2019-04-25T18:35:06Z" finished-at="2019-04-25T18:35:06Z">
          <exception class="java.lang.AssertionError">
            <message>
              <![CDATA[expected [My Stores] but found [My Store]]]>
            </message>
            <full-stacktrace>
              <![CDATA[java.lang.AssertionError: expected [My Stores] but found [My Store]
at org.testng.Assert.fail(Assert.java:96)
at org.testng.Assert.failNotEquals(Assert.java:776)
at org.testng.Assert.assertEqualsImpl(Assert.java:137)
at org.testng.Assert.assertEquals(Assert.java:118)
at org.testng.Assert.assertEquals(Assert.java:453)
at org.testng.Assert.assertEquals(Assert.java:463)
at com.automationpractice.testcases.MainPageTest.verifyPageTitleTest(MainPageTest.java:55)
at sun.reflect.NativeMethodAccessorImpl.invoke0(Native Method)
at sun.reflect.NativeMethodAccessorImpl.invoke(NativeMethodAccessorImpl.java:62)
at sun.reflect.DelegatingMethodAccessorImpl.invoke(DelegatingMethodAccessorImpl.java:43)
at java.lang.reflect.Method.invoke(Method.java:498)
at org.testng.internal.MethodInvocationHelper.invokeMethod(MethodInvocationHelper.java:124)
at org.testng.internal.Invoker.invokeMethod(Invoker.java:583)
at org.testng.internal.Invoker.invokeTestMethod(Invoker.java:719)
at org.testng.internal.Invoker.invokeTestMethods(Invoker.java:989)
at org.testng.internal.TestMethodWorker.invokeTestMethods(TestMethodWorker.java:125)
at org.testng.internal.TestMethodWorker.run(TestMethodWorker.java:109)
at org.testng.TestRunner.privateRun(TestRunner.java:648)
at org.testng.TestRunner.run(TestRunner.java:505)
at org.testng.SuiteRunner.runTest(SuiteRunner.java:455)
at org.testng.SuiteRunner.runSequentially(SuiteRunner.java:450)
at org.testng.SuiteRunner.privateRun(SuiteRunner.java:415)
at org.testng.SuiteRunner.run(SuiteRunner.java:364)
at org.testng.SuiteRunnerWorker.runSuite(SuiteRunnerWorker.java:52)
at org.testng.SuiteRunnerWorker.run(SuiteRunnerWorker.java:84)
at org.testng.TestNG.runSuitesSequentially(TestNG.java:1208)
at org.testng.TestNG.runSuitesLocally(TestNG.java:1137)
at org.testng.TestNG.runSuites(TestNG.java:1049)
at org.testng.TestNG.run(TestNG.java:1017)
at org.testng.remote.AbstractRemoteTestNG.run(AbstractRemoteTestNG.java:115)
at org.testng.remote.RemoteTestNG.initAndRun(RemoteTestNG.java:251)
at org.testng.remote.RemoteTestNG.main(RemoteTestNG.java:77)
]]>
            </full-stacktrace>
          </exception> <!-- java.lang.AssertionError -->
          <reporter-output>
          </reporter-output>
        </test-method> <!-- verifyPageTitleTest -->
        <test-method status="PASS" signature="tearDown(org.testng.ITestResult)[pri:0, instance:com.automationpractice.testcases.MainPageTest@28701274]" name="tearDown" is-config="true" duration-ms="2420" started-at="2019-04-25T18:35:06Z" finished-at="2019-04-25T18:35:09Z">
          <params>
            <param index="0">
              <value>
                <![CDATA[[TestResult name=verifyPageTitleTest status=FAILURE method=MainPageTest.verifyPageTitleTest()[pri:0, instance:com.automationpractice.testcases.MainPageTest@28701274] output={null}]]]>
              </value>
            </param>
          </params>
          <reporter-output>
          </reporter-output>
        </test-method> <!-- tearDown -->
      </class> <!-- com.automationpractice.testcases.MainPageTest -->
      <class name="com.automationpractice.testcases.LoginPageTest">
        <test-method status="PASS" signature="setExtent()[pri:0, instance:com.automationpractice.testcases.LoginPageTest@13c9d689]" name="setExtent" is-config="true" duration-ms="1" started-at="2019-04-25T18:35:09Z" finished-at="2019-04-25T18:35:09Z">
          <reporter-output>
          </reporter-output>
        </test-method> <!-- setExtent -->
        <test-method status="PASS" signature="setUp()[pri:0, instance:com.automationpractice.testcases.LoginPageTest@13c9d689]" name="setUp" is-config="true" duration-ms="15969" started-at="2019-04-25T18:35:09Z" finished-at="2019-04-25T18:35:25Z">
          <reporter-output>
          </reporter-output>
        </test-method> <!-- setUp -->
        <test-method status="FAIL" signature="loginPageTitleTest()[pri:0, instance:com.automationpractice.testcases.LoginPageTest@13c9d689]" name="loginPageTitleTest" duration-ms="9" started-at="2019-04-25T18:35:25Z" finished-at="2019-04-25T18:35:25Z">
          <exception class="java.lang.AssertionError">
            <message>
              <![CDATA[Login Page title is not matched expected [Login - My Stores] but found [Login - My Store]]]>
            </message>
            <full-stacktrace>
              <![CDATA[java.lang.AssertionError: Login Page title is not matched expected [Login - My Stores] but found [Login - My Store]
at org.testng.Assert.fail(Assert.java:96)
at org.testng.Assert.failNotEquals(Assert.java:776)
at org.testng.Assert.assertEqualsImpl(Assert.java:137)
at org.testng.Assert.assertEquals(Assert.java:118)
at org.testng.Assert.assertEquals(Assert.java:453)
at com.automationpractice.testcases.LoginPageTest.loginPageTitleTest(LoginPageTest.java:50)
at sun.reflect.NativeMethodAccessorImpl.invoke0(Native Method)
at sun.reflect.NativeMethodAccessorImpl.invoke(NativeMethodAccessorImpl.java:62)
at sun.reflect.DelegatingMethodAccessorImpl.invoke(DelegatingMethodAccessorImpl.java:43)
at java.lang.reflect.Method.invoke(Method.java:498)
at org.testng.internal.MethodInvocationHelper.invokeMethod(MethodInvocationHelper.java:124)
at org.testng.internal.Invoker.invokeMethod(Invoker.java:583)
at org.testng.internal.Invoker.invokeTestMethod(Invoker.java:719)
at org.testng.internal.Invoker.invokeTestMethods(Invoker.java:989)
at org.testng.internal.TestMethodWorker.invokeTestMethods(TestMethodWorker.java:125)
at org.testng.internal.TestMethodWorker.run(TestMethodWorker.java:109)
at org.testng.TestRunner.privateRun(TestRunner.java:648)
at org.testng.TestRunner.run(TestRunner.java:505)
at org.testng.SuiteRunner.runTest(SuiteRunner.java:455)
at org.testng.SuiteRunner.runSequentially(SuiteRunner.java:450)
at org.testng.SuiteRunner.privateRun(SuiteRunner.java:415)
at org.testng.SuiteRunner.run(SuiteRunner.java:364)
at org.testng.SuiteRunnerWorker.runSuite(SuiteRunnerWorker.java:52)
at org.testng.SuiteRunnerWorker.run(SuiteRunnerWorker.java:84)
at org.testng.TestNG.runSuitesSequentially(TestNG.java:1208)
at org.testng.TestNG.runSuitesLocally(TestNG.java:1137)
at org.testng.TestNG.runSuites(TestNG.java:1049)
at org.testng.TestNG.run(TestNG.java:1017)
at org.testng.remote.AbstractRemoteTestNG.run(AbstractRemoteTestNG.java:115)
at org.testng.remote.RemoteTestNG.initAndRun(RemoteTestNG.java:251)
at org.testng.remote.RemoteTestNG.main(RemoteTestNG.java:77)
]]>
            </full-stacktrace>
          </exception> <!-- java.lang.AssertionError -->
          <reporter-output>
          </reporter-output>
        </test-method> <!-- loginPageTitleTest -->
        <test-method status="PASS" signature="tearDown(org.testng.ITestResult)[pri:0, instance:com.automationpractice.testcases.LoginPageTest@13c9d689]" name="tearDown" is-config="true" duration-ms="1683" started-at="2019-04-25T18:35:25Z" finished-at="2019-04-25T18:35:26Z">
          <params>
            <param index="0">
              <value>
                <![CDATA[[TestResult name=loginPageTitleTest status=FAILURE method=LoginPageTest.loginPageTitleTest()[pri:0, instance:com.automationpractice.testcases.LoginPageTest@13c9d689] output={null}]]]>
              </value>
            </param>
          </params>
          <reporter-output>
          </reporter-output>
        </test-method> <!-- tearDown -->
        <test-method status="PASS" signature="setUp()[pri:0, instance:com.automationpractice.testcases.LoginPageTest@13c9d689]" name="setUp" is-config="true" duration-ms="15760" started-at="2019-04-25T18:35:26Z" finished-at="2019-04-25T18:35:42Z">
          <reporter-output>
          </reporter-output>
        </test-method> <!-- setUp -->
        <test-method status="PASS" signature="loginTest()[pri:0, instance:com.automationpractice.testcases.LoginPageTest@13c9d689]" name="loginTest" duration-ms="3841" started-at="2019-04-25T18:35:42Z" finished-at="2019-04-25T18:35:46Z">
          <reporter-output>
          </reporter-output>
        </test-method> <!-- loginTest -->
        <test-method status="PASS" signature="tearDown(org.testng.ITestResult)[pri:0, instance:com.automationpractice.testcases.LoginPageTest@13c9d689]" name="tearDown" is-config="true" duration-ms="1745" started-at="2019-04-25T18:35:46Z" finished-at="2019-04-25T18:35:48Z">
          <params>
            <param index="0">
              <value>
                <![CDATA[[TestResult name=loginTest status=SUCCESS method=LoginPageTest.loginTest()[pri:0, instance:com.automationpractice.testcases.LoginPageTest@13c9d689] output={null}]]]>
              </value>
            </param>
          </params>
          <reporter-output>
          </reporter-output>
        </test-method> <!-- tearDown -->
      </class> <!-- com.automationpractice.testcases.LoginPageTest -->
    </test> <!-- Automation Practice Project Test Cases -->
  </suite> <!-- AutomationPracticeSuite -->
</testng-results>
